0 info it worked if it ends with ok
1 verbose cli [ 'D:\\exe\\nodejs\\node.exe',
1 verbose cli   'D:\\exe\\nodejs\\node_modules\\npm\\bin\\npm-cli.js',
1 verbose cli   'install',
1 verbose cli   'ionic-datepicker',
1 verbose cli   '--save' ]
2 info using npm@2.11.3
3 info using node@v0.12.7
4 verbose install initial load of C:\Users\John\Documents\GitHub\gobuy\package.json
5 warn package.json gobuy@1.1.1 No repository field.
6 warn package.json gobuy@1.1.1 No README data
7 warn package.json gobuy@1.1.1 No license field.
8 verbose readDependencies loading dependencies from C:\Users\John\Documents\GitHub\gobuy\package.json
9 silly cache add args [ 'ionic-datepicker', null ]
10 verbose cache add spec ionic-datepicker
11 silly cache add parsed spec { raw: 'ionic-datepicker',
11 silly cache add   scope: null,
11 silly cache add   name: 'ionic-datepicker',
11 silly cache add   rawSpec: '',
11 silly cache add   spec: '*',
11 silly cache add   type: 'range' }
12 silly addNamed ionic-datepicker@*
13 verbose addNamed "*" is a valid semver range for ionic-datepicker
14 silly addNameRange { name: 'ionic-datepicker', range: '*', hasData: false }
15 silly mapToRegistry name ionic-datepicker
16 silly mapToRegistry using default registry
17 silly mapToRegistry registry https://registry.npmjs.org/
18 silly mapToRegistry uri https://registry.npmjs.org/ionic-datepicker
19 verbose addNameRange registry:https://registry.npmjs.org/ionic-datepicker not in flight; fetching
20 verbose request uri https://registry.npmjs.org/ionic-datepicker
21 verbose request no auth needed
22 info attempt registry request try #1 at 11:37:37
23 verbose request id 461d0595319a7a7b
24 http request GET https://registry.npmjs.org/ionic-datepicker
25 http 404 https://registry.npmjs.org/ionic-datepicker
26 verbose headers { server: 'CouchDB/1.5.0 (Erlang OTP/R16B03)',
26 verbose headers   etag: '"ESOKDTTG9C66VDLQO3XTU7L5K"',
26 verbose headers   'content-type': 'application/json',
26 verbose headers   'cache-control': 'max-age=0',
26 verbose headers   'content-length': '486',
26 verbose headers   'accept-ranges': 'bytes',
26 verbose headers   date: 'Tue, 12 Apr 2016 03:37:39 GMT',
26 verbose headers   via: '1.1 varnish',
26 verbose headers   age: '0',
26 verbose headers   connection: 'keep-alive',
26 verbose headers   'x-served-by': 'cache-sin6921-SIN',
26 verbose headers   'x-cache': 'MISS',
26 verbose headers   'x-cache-hits': '0',
26 verbose headers   'x-timer': 'S1460432258.846477,VS0,VE858',
26 verbose headers   vary: 'Accept-Encoding' }
27 silly get cb [ 404,
27 silly get   { server: 'CouchDB/1.5.0 (Erlang OTP/R16B03)',
27 silly get     etag: '"ESOKDTTG9C66VDLQO3XTU7L5K"',
27 silly get     'content-type': 'application/json',
27 silly get     'cache-control': 'max-age=0',
27 silly get     'content-length': '486',
27 silly get     'accept-ranges': 'bytes',
27 silly get     date: 'Tue, 12 Apr 2016 03:37:39 GMT',
27 silly get     via: '1.1 varnish',
27 silly get     age: '0',
27 silly get     connection: 'keep-alive',
27 silly get     'x-served-by': 'cache-sin6921-SIN',
27 silly get     'x-cache': 'MISS',
27 silly get     'x-cache-hits': '0',
27 silly get     'x-timer': 'S1460432258.846477,VS0,VE858',
27 silly get     vary: 'Accept-Encoding' } ]
28 verbose stack Error: Registry returned 404 for GET on https://registry.npmjs.org/ionic-datepicker
28 verbose stack     at CachingRegistryClient.<anonymous> (D:\exe\nodejs\node_modules\npm\node_modules\npm-registry-client\lib\request.js:239:14)
28 verbose stack     at Request._callback (D:\exe\nodejs\node_modules\npm\node_modules\npm-registry-client\lib\request.js:170:14)
28 verbose stack     at Request.self.callback (D:\exe\nodejs\node_modules\npm\node_modules\request\request.js:354:22)
28 verbose stack     at Request.emit (events.js:110:17)
28 verbose stack     at Request.<anonymous> (D:\exe\nodejs\node_modules\npm\node_modules\request\request.js:1207:14)
28 verbose stack     at Request.emit (events.js:129:20)
28 verbose stack     at IncomingMessage.<anonymous> (D:\exe\nodejs\node_modules\npm\node_modules\request\request.js:1153:12)
28 verbose stack     at IncomingMessage.emit (events.js:129:20)
28 verbose stack     at _stream_readable.js:908:16
28 verbose stack     at process._tickCallback (node.js:355:11)
29 verbose statusCode 404
30 verbose pkgid ionic-datepicker
31 verbose cwd C:\Users\John\Documents\GitHub\gobuy
32 error Windows_NT 6.1.7601
33 error argv "D:\\exe\\nodejs\\node.exe" "D:\\exe\\nodejs\\node_modules\\npm\\bin\\npm-cli.js" "install" "ionic-datepicker" "--save"
34 error node v0.12.7
35 error npm  v2.11.3
36 error code E404
37 error 404 Registry returned 404 for GET on https://registry.npmjs.org/ionic-datepicker
37 error 404
37 error 404 'ionic-datepicker' is not in the npm registry.
37 error 404 You should bug the author to publish it (or use the name yourself!)
37 error 404 It was specified as a dependency of 'gobuy'
37 error 404
37 error 404 Note that you can also install from a
37 error 404 tarball, folder, http url, or git url.
38 verbose exit [ 1, true ]
